[2m2026-02-22T07:21:47.416735Z[0m [32m INFO[0m [2mai_load_balancer::telemetry[0m[2m:[0m Telemetry initialized.
[2m2026-02-22T07:21:47.416771Z[0m [33m WARN[0m [2mai_load_balancer::config[0m[2m:[0m Could not find --config, using default config
[2m2026-02-22T07:21:47.416785Z[0m [32m INFO[0m [2mai_load_balancer[0m[2m:[0m Starting AI Load Balancer with 4 worker threads... (Config: --config)
[2m2026-02-22T07:21:47.416894Z[0m [32m INFO[0m [2mai_load_balancer::routing[0m[2m:[0m Starting health check loop for pool: default
[2m2026-02-22T07:21:47.419783Z[0m [32m INFO[0m [2mai_load_balancer::discovery[0m[2m:[0m Service Discovery initialized with RocksDB at "data/discovery.db"
[2m2026-02-22T07:21:47.419929Z[0m [32m INFO[0m [2mai_load_balancer::telemetry::access_log[0m[2m:[0m Access log writer started: logs/access.log
[2m2026-02-22T07:21:47.622383Z[0m [33m WARN[0m [2mai_load_balancer::ai[0m[2m:[0m Unknown AI algorithm 'none', defaulting to EpsilonGreedy
[2m2026-02-22T07:21:47.622413Z[0m [32m INFO[0m [2mai_load_balancer::ai[0m[2m:[0m Initializing AI Epsilon-Greedy Router (ε=0.1)
[2m2026-02-22T07:21:47.622436Z[0m [32m INFO[0m [2mai_load_balancer::admin[0m[2m:[0m Admin API listening on http://127.0.0.1:9090
[2m2026-02-22T07:21:47.622467Z[0m [32m INFO[0m [2mai_load_balancer::proxy[0m[2m:[0m Mux Proxy listening on 0.0.0.0:8080
[2m2026-02-22T07:21:47.622483Z[0m [32m INFO[0m [2mai_load_balancer::proxy::tcp[0m[2m:[0m TCP Proxy listening on tcp://0.0.0.0:5000
[2m2026-02-22T07:21:47.622490Z[0m [32m INFO[0m [2mactix_server::builder[0m[2m:[0m starting 12 workers
[2m2026-02-22T07:21:47.622500Z[0m [32m INFO[0m [2mactix_server::server[0m[2m:[0m Tokio runtime found; starting in existing Tokio runtime
[2m2026-02-22T07:21:47.622505Z[0m [32m INFO[0m [2mactix_server::server[0m[2m:[0m starting service: "actix-web-service-127.0.0.1:9090", workers: 12, listening on: 127.0.0.1:9090
[2m2026-02-22T07:21:49.638662Z[0m [32m INFO[0m [2mai_load_balancer[0m[2m:[0m Received SIGTERM
[2m2026-02-22T07:21:49.638728Z[0m [32m INFO[0m [2mai_load_balancer[0m[2m:[0m Shutdown signal received — initiating graceful shutdown...
[2m2026-02-22T07:21:49.638661Z[0m [32m INFO[0m [2mactix_server::server[0m[2m:[0m SIGTERM received; starting graceful shutdown
[2m2026-02-22T07:21:49.638770Z[0m [32m INFO[0m [2mai_load_balancer::proxy::tcp[0m[2m:[0m TCP Proxy shutting down gracefully.
[2m2026-02-22T07:21:49.638827Z[0m [32m INFO[0m [2mactix_server::accept[0m[2m:[0m accept thread stopped
[2m2026-02-22T07:21:49.638846Z[0m [32m INFO[0m [2mactix_server::worker[0m[2m:[0m shutting down idle worker
[2m2026-02-22T07:21:49.638866Z[0m [32m INFO[0m [2mactix_server::worker[0m[2m:[0m shutting down idle worker
[2m2026-02-22T07:21:49.638877Z[0m [32m INFO[0m [2mactix_server::worker[0m[2m:[0m shutting down idle worker
[2m2026-02-22T07:21:49.638893Z[0m [32m INFO[0m [2mactix_server::worker[0m[2m:[0m shutting down idle worker
[2m2026-02-22T07:21:49.638904Z[0m [32m INFO[0m [2mactix_server::worker[0m[2m:[0m shutting down idle worker
[2m2026-02-22T07:21:49.638917Z[0m [32m INFO[0m [2mactix_server::worker[0m[2m:[0m shutting down idle worker
[2m2026-02-22T07:21:49.638832Z[0m [32m INFO[0m [2mactix_server::worker[0m[2m:[0m shutting down idle worker
[2m2026-02-22T07:21:49.638847Z[0m [32m INFO[0m [2mactix_server::worker[0m[2m:[0m shutting down idle worker
[2m2026-02-22T07:21:49.638857Z[0m [32m INFO[0m [2mactix_server::worker[0m[2m:[0m shutting down idle worker
[2m2026-02-22T07:21:49.638769Z[0m [32m INFO[0m [2mai_load_balancer::proxy[0m[2m:[0m Mux Proxy shutting down gracefully — no new connections accepted.
[2m2026-02-22T07:21:49.638868Z[0m [32m INFO[0m [2mactix_server::worker[0m[2m:[0m shutting down idle worker
[2m2026-02-22T07:21:49.638949Z[0m [32m INFO[0m [2mactix_server::worker[0m[2m:[0m shutting down idle worker
[2m2026-02-22T07:21:49.638832Z[0m [32m INFO[0m [2mactix_server::worker[0m[2m:[0m shutting down idle worker
